0 info it worked if it ends with ok
1 verbose cli [ 'node', '/usr/local/bin/npm', 'install' ]
2 info using npm@1.4.28
3 info using node@v0.10.33
4 verbose readDependencies using package.json deps
5 verbose install where, deps [ '/Users/chendriksen/Documents/code/scales', [ 'ADS11x5' ] ]
6 info preinstall scales@0.0.1
7 verbose readDependencies using package.json deps
8 verbose cache add [ 'ADS11x5@https://github.com/shaunmulligan/ADS1x15.git#master',
8 verbose cache add   null ]
9 verbose cache add name=undefined spec="ADS11x5@https://github.com/shaunmulligan/ADS1x15.git#master" args=["ADS11x5@https://github.com/shaunmulligan/ADS1x15.git#master",null]
10 verbose parsed url { protocol: null,
10 verbose parsed url   slashes: null,
10 verbose parsed url   auth: null,
10 verbose parsed url   host: null,
10 verbose parsed url   port: null,
10 verbose parsed url   hostname: null,
10 verbose parsed url   hash: '#master',
10 verbose parsed url   search: null,
10 verbose parsed url   query: null,
10 verbose parsed url   pathname: 'ADS11x5@https://github.com/shaunmulligan/ADS1x15.git',
10 verbose parsed url   path: 'ADS11x5@https://github.com/shaunmulligan/ADS1x15.git',
10 verbose parsed url   href: 'ADS11x5@https://github.com/shaunmulligan/ADS1x15.git#master' }
11 verbose cache add name="ADS11x5" spec="https://github.com/shaunmulligan/ADS1x15.git#master" args=["ADS11x5","https://github.com/shaunmulligan/ADS1x15.git#master"]
12 verbose parsed url { protocol: 'https:',
12 verbose parsed url   slashes: true,
12 verbose parsed url   auth: null,
12 verbose parsed url   host: 'github.com',
12 verbose parsed url   port: null,
12 verbose parsed url   hostname: 'github.com',
12 verbose parsed url   hash: '#master',
12 verbose parsed url   search: null,
12 verbose parsed url   query: null,
12 verbose parsed url   pathname: '/shaunmulligan/ADS1x15.git',
12 verbose parsed url   path: '/shaunmulligan/ADS1x15.git',
12 verbose parsed url   href: 'https://github.com/shaunmulligan/ADS1x15.git#master' }
13 silly lockFile 8eb9c5b9-shaunmulligan-ADS1x15-git-master https://github.com/shaunmulligan/ADS1x15.git#master
14 verbose lock https://github.com/shaunmulligan/ADS1x15.git#master /Users/chendriksen/.npm/8eb9c5b9-shaunmulligan-ADS1x15-git-master.lock
15 verbose addRemoteTarball [ 'https://github.com/shaunmulligan/ADS1x15.git#master', null ]
16 info retry fetch attempt 1 at 14:35:19
17 verbose fetch to= /var/folders/jc/92sdrmvs4lz8gx4gvtph9h1h0000gn/T/npm-14803-fUEnWm2L/github.com/shaunmulligan/ADS1x15.git
18 http GET https://github.com/shaunmulligan/ADS1x15.git#master
19 http 200 https://github.com/shaunmulligan/ADS1x15.git#master
20 verbose tar unpack /var/folders/jc/92sdrmvs4lz8gx4gvtph9h1h0000gn/T/npm-14803-fUEnWm2L/github.com/shaunmulligan/ADS1x15.git
21 silly lockFile f95483d2-shaunmulligan-ADS1x15-git-unpack tar:///var/folders/jc/92sdrmvs4lz8gx4gvtph9h1h0000gn/T/npm-14803-fUEnWm2L/github.com/shaunmulligan/ADS1x15.git-unpack
22 verbose lock tar:///var/folders/jc/92sdrmvs4lz8gx4gvtph9h1h0000gn/T/npm-14803-fUEnWm2L/github.com/shaunmulligan/ADS1x15.git-unpack /Users/chendriksen/.npm/f95483d2-shaunmulligan-ADS1x15-git-unpack.lock
23 silly lockFile 349e6109-ub-com-shaunmulligan-ADS1x15-git tar:///var/folders/jc/92sdrmvs4lz8gx4gvtph9h1h0000gn/T/npm-14803-fUEnWm2L/github.com/shaunmulligan/ADS1x15.git
24 verbose lock tar:///var/folders/jc/92sdrmvs4lz8gx4gvtph9h1h0000gn/T/npm-14803-fUEnWm2L/github.com/shaunmulligan/ADS1x15.git /Users/chendriksen/.npm/349e6109-ub-com-shaunmulligan-ADS1x15-git.lock
25 silly gunzTarPerm modes [ '755', '644' ]
26 error not a package /var/folders/jc/92sdrmvs4lz8gx4gvtph9h1h0000gn/T/npm-14803-fUEnWm2L/github.com/shaunmulligan/ADS1x15.git
27 silly lockFile f95483d2-shaunmulligan-ADS1x15-git-unpack tar:///var/folders/jc/92sdrmvs4lz8gx4gvtph9h1h0000gn/T/npm-14803-fUEnWm2L/github.com/shaunmulligan/ADS1x15.git-unpack
28 silly lockFile f95483d2-shaunmulligan-ADS1x15-git-unpack tar:///var/folders/jc/92sdrmvs4lz8gx4gvtph9h1h0000gn/T/npm-14803-fUEnWm2L/github.com/shaunmulligan/ADS1x15.git-unpack
29 silly lockFile 349e6109-ub-com-shaunmulligan-ADS1x15-git tar:///var/folders/jc/92sdrmvs4lz8gx4gvtph9h1h0000gn/T/npm-14803-fUEnWm2L/github.com/shaunmulligan/ADS1x15.git
30 silly lockFile 349e6109-ub-com-shaunmulligan-ADS1x15-git tar:///var/folders/jc/92sdrmvs4lz8gx4gvtph9h1h0000gn/T/npm-14803-fUEnWm2L/github.com/shaunmulligan/ADS1x15.git
31 silly lockFile 8eb9c5b9-shaunmulligan-ADS1x15-git-master https://github.com/shaunmulligan/ADS1x15.git#master
32 silly lockFile 8eb9c5b9-shaunmulligan-ADS1x15-git-master https://github.com/shaunmulligan/ADS1x15.git#master
33 error Error: ENOENT, open '/var/folders/jc/92sdrmvs4lz8gx4gvtph9h1h0000gn/T/npm-14803-fUEnWm2L/github.com/shaunmulligan/ADS1x15.git-unpack/package.json'
34 error If you need help, you may report this *entire* log,
34 error including the npm and node versions, at:
34 error     <http://github.com/npm/npm/issues>
35 error System Darwin 14.0.0
36 error command "node" "/usr/local/bin/npm" "install"
37 error cwd /Users/chendriksen/Documents/code/scales
38 error node -v v0.10.33
39 error npm -v 1.4.28
40 error path /var/folders/jc/92sdrmvs4lz8gx4gvtph9h1h0000gn/T/npm-14803-fUEnWm2L/github.com/shaunmulligan/ADS1x15.git-unpack/package.json
41 error code ENOENT
42 error errno 34
43 verbose exit [ 34, true ]
